         w __deregister_frame_info
         w __register_frame_info
         w userAppExit
         w userAppInit
00000000 00000802 B __ctru_dev_utf16_buf
00000000 A __sync_synchronize
00000000 b _TLS_MODULE_BASE_
00000000 a shift
00000000 a shift
00000804 00000401 B __ctru_dev_path_buf
00100000 A __start__
00100000 T _start
00100008 T __service_ptr
0010000c T __apt_appid
00100010 T __heap_size
00100014 T __linear_heap_size
00100018 T __system_arglist
0010001c T __system_runflags
00100020 t startup
00100058 t ClearMem
0010006c t ClrLoop
00100094 T _init
001000ac T __aeabi_idiv
001000ac 00000220 T __divsi3
001000b4 t .divsi3_skip_div0_test
001002cc 00000020 T __aeabi_idivmod
001002ec 00000004 W __aeabi_idiv0
001002ec 00000004 W __aeabi_ldiv0
001002f0 T __aeabi_uldivmod
00100348 00000390 T strcmp
001006d0 t .udivsi3_skip_div0_test
001006d0 T __aeabi_uidiv
001006d0 000001ec T __udivsi3
001008bc 00000020 T __aeabi_uidivmod
001008dc t __do_global_dtors_aux
0010091c t frame_dummy
00100948 00000090 T main
001009d8 0000051c t consoleHandleColorEsc
00100ef4 000000b8 t consoleColorStateShift
00100fac 000001ac T consoleDrawChar
00101158 00000124 T consolePrintChar
0010127c 000006f4 T con_write
00101970 000000fc t newRow
00101a6c 0000018c T consoleInit
00101bf8 000000d0 t gfxPresentFramebuffer
00101cc8 0000001c T gfxIsWide
00101ce4 000000ec T gfxSetScreenFormat
00101dd0 00000010 T gfxSetDoubleBuffering
00101de0 000000e0 T gfxInit
00101ec0 00000010 T gfxInitDefault
00101ed0 000000b4 T gfxExit
00101f84 000000a0 T gfxGetFramebuffer
00102024 00000104 T gfxFlushBuffers
00102128 00000050 T gfxSwapBuffers
00102178 00000050 T gfxSwapBuffersGpu
001021c8 000001ac t aptConvertScreenForCapture
00102374 00000008 W aptDspSleep
0010237c 00000004 W aptDspWakeup
00102380 00000004 W aptDspCancel
00102384 00000158 T aptSendCommand
001024e0 00000044 t aptExitProcess
00102524 0000038c T aptExit
001028b0 000000e0 T aptHandleSleep
00102990 00000084 T APT_SleepIfShellClosed
00102a14 00000084 T aptSetSleepAllowed
00102a98 00000084 T APT_UnlockTransition
00102b20 000004a4 t aptEventHandler
00102fc4 000000b0 T APT_ReceiveParameter
00103074 000000ac t aptReceiveParameter.constprop.0
00103120 000002ac t aptScreenTransfer
001033cc 00000320 t aptWaitForWakeUp.isra.0
001036ec 000000f8 T aptJumpToHomeMenu
001037e4 00000048 T aptMainLoop
0010382c 0000022c T aptInit
00103a58 0000007c T APT_CheckNew3DS
00103ad4 00000c64 t gspHardwareInit
00104738 00000248 T gspInit
00104980 000000f0 T gspExit
00104a70 00000010 T gspHasGpuRight
00104a80 000000a0 T gspPresentBuffer
00104b20 00000044 T gspWaitForEvent
00104b64 00000004 W gxCmdQueueInterrupt
00104b68 00000158 t gspEventThreadMain
00104cc0 00000050 T GSPGPU_FlushDataCache
00104d10 00000034 T GSPGPU_SetLcdForceBlack
00104d44 00000068 T GSPGPU_AcquireRight
00104dac 00000048 T GSPGPU_ReleaseRight
00104df4 0000007c T GSPGPU_ImportDisplayCaptureInfo
00104e70 0000002c T GSPGPU_SaveVramSysArea
00104e9c 0000002c T GSPGPU_RestoreVramSysArea
00104ec8 00000024 W hidShouldUseIrrst
00104eec 0000018c T hidInit
00105078 000000e8 T hidExit
00105160 000002a4 T hidScanInput
00105404 00000010 T hidKeysDown
00105414 00000018 T hidTouchRead
0010542c 00000160 T irrstInit
0010558c 000000cc T irrstExit
00105658 000000b4 T irrstScanInput
0010570c 00000024 T irrstKeysHeld
00105730 00000038 W __libctru_init
00105768 00000170 W __system_initArgv
001058d8 00000030 T __syscall_getreent
00105908 00000004 T __syscall_lock_acquire
0010590c 00000004 T __syscall_lock_release
00105910 00000004 T __syscall_lock_acquire_recursive
00105914 00000004 T __syscall_lock_release_recursive
00105918 00000004 T __syscall_exit
0010591c 00000050 T initThreadVars
0010596c 00000080 T __system_initSyscalls
001059ec T svcControlMemory
00105a0c T svcQueryMemory
00105a3c T svcExitProcess
00105a44 T svcCreateThread
00105a64 T svcExitThread
00105a6c T svcSleepThread
00105a74 T svcReleaseMutex
00105a7c T svcCreateEvent
00105a90 T svcSignalEvent
00105a98 T svcClearEvent
00105aa0 T svcMapMemoryBlock
00105aa8 T svcUnmapMemoryBlock
00105ab0 T svcCreateAddressArbiter
00105ac4 T svcArbitrateAddressNoTimeout
00105acc T svcCloseHandle
00105ad4 T svcWaitSynchronization
00105adc T svcWaitSynchronizationN
00105b04 T svcDuplicateHandle
00105b18 T svcConnectToPort
00105b2c T svcSendSyncRequest
00105b34 T svcGetResourceLimit
00105b48 T svcGetResourceLimitLimitValues
00105b50 T svcGetResourceLimitCurrentValues
00105b58 T svcBreak
00105b60 W initSystem
00105bb0 W __ctru_exit
00105bc4 00000024 t addrMapNodeComparator(rbtree_node const*, rbtree_node const*)
00105be8 00000004 t addrMapNodeDestructor(rbtree_node*)
00105bec 00000120 T linearMemAlign
00105d0c 00000008 T linearAlloc
00105d14 0000005c T linearFree
00105d70 00000080 T MemPool::CoalesceRight(MemBlock*)
00105df0 0000016c T MemPool::Allocate(MemChunk&, unsigned long, int)
00105f5c 000000fc T MemPool::Deallocate(MemChunk const&)
00106058 00000030 T MemPool::GetFreeSpace()
00106088 00000024 t addrMapNodeComparator(rbtree_node const*, rbtree_node const*)
001060ac 00000004 t addrMapNodeDestructor(rbtree_node*)
001060b0 0000024c T vramMemAlignAt
001062fc 0000000c T vramAlloc
00106308 00000090 T vramFree
00106398 00000084 W envGetHandle
0010641c 00000050 W envDestroyHandles
0010646c 00000034 T __ctru_speedup_config
001064a0 0000012c T srvInit
001065cc 00000058 T srvExit
00106624 00000060 T srvEnableNotification
00106684 000000a0 T srvGetServiceHandleDirect
00106724 00000038 T srvGetServiceHandle
0010675c 00000034 T srvSubscribe
00106790 00000060 T srvReceiveNotification
001067f0 00000038 T srvPublishToSubscriber
00106828 0000000c T __sync_init
00106834 00000018 T __sync_fini
0010684c 0000002c T syncArbitrateAddress
00106878 000000ac T LightLock_Lock
00106924 00000040 T LightLock_Unlock
00106964 00000030 T RecursiveLock_Lock
00106994 00000054 T RecursiveLock_Unlock
001069e8 00000040 T LightEvent_Init
00106a28 000000a4 T LightEvent_Clear
00106acc 000000c8 T LightEvent_Signal
00106b94 00000050 T LightEvent_TryWait
00106be4 000000a0 T LightEvent_Wait
00106c84 000001d8 T threadCreate
00106e5c 0000002c T threadFree
00106e88 00000024 T threadJoin
00106eac 00000030 T threadGetCurrent
00106edc 00000040 T threadExit
00106f1c 00000020 t _thread_begin
00106f3c 000000b4 t mappableFindAddressWithin
00106ff0 00000028 T mappableInit
00107018 00000080 T mappableAlloc
00107098 00000004 T mappableFree
0010709c 00000074 T ptmSysmInit
00107110 0000003c T ptmSysmExit
0010714c 00000034 T PTMSYSM_ConfigureNew3DSCPU
00107180 0000000c T srvPmGetSessionHandle
0010718c 00000074 T rbtree_find
00107200 00000010 T rbtree_init
00107210 000001b0 t do_insert
001073c0 00000008 T rbtree_insert
001073c8 00000318 T rbtree_remove
001076e0 00000090 T rbtree_rotate
00107770 000001e0 W __system_allocateHeaps
00107950 00000030 W __appExit
00107980 00000030 W __appInit
001079b0 00000090 W __libctru_exit
00107a40 00000014 t archive_link
00107a54 00000014 t archive_dirreset
00107a68 00000014 t archive_chmod
00107a7c 00000024 t error_cmp
00107aa0 00000050 t archive_translate_error
00107af0 000000c8 t archive_seek
00107bb8 0000007c t _archiveInit.part.0
00107c34 000000c4 t archiveFindDevice.part.0
00107cf8 00000280 t archive_utf16path
00107f78 0000009c t _archiveUnmountDeviceStruct.part.0
00108014 00000014 t archive_fchmod
00108028 00000014 t archive_statvfs
0010803c 00000164 t _archiveMountDevice
001081a0 000000e8 t archive_diropen
00108288 000000a4 t archive_fstat
0010832c 0000006c t archive_fsync
00108398 0000006c t archive_close
00108404 00000070 t archive_dirclose
00108474 000000e8 t sdmc_statvfs
0010855c 000000ec t archive_chdir
00108648 0000007c t archive_ftruncate
001086c4 000000ac t archive_read
00108770 000000a4 t archive_unlink
00108814 000000bc t archive_rmdir
001088d0 000000dc t archive_mkdir
001089ac 00000194 t archive_stat
00108b40 00000160 t archive_dirnext
00108ca0 00000124 t archive_write
00108dc4 0000020c t archive_open
00108fd0 00000278 t archive_rename
00109248 0000019c T archiveMountSdmc
001093e4 00000054 T archiveUnmountAll
00109438 000000cc T fsInit
00109504 0000003c T fsExit
00109540 00000060 T fsExemptFromSession
001095a0 00000050 T fsUnexemptFromSession
001095f0 000000cc T FSUSER_OpenFile
001096bc 000000bc T FSUSER_DeleteFile
00109778 000000f8 T FSUSER_RenameFile
00109870 000000bc T FSUSER_DeleteDirectory
0010992c 000000d4 T FSUSER_CreateFile
00109a00 000000c4 T FSUSER_CreateDirectory
00109ac4 000000f8 T FSUSER_RenameDirectory
00109bbc 000000b4 T FSUSER_OpenDirectory
00109c70 00000094 T FSUSER_OpenArchive
00109d04 0000008c T FSUSER_CloseArchive
00109d90 00000074 T FSUSER_GetSdmcArchiveResource
00109e04 00000064 T FSUSER_IsSdmcWritable
00109e68 00000058 T FSFILE_Read
00109ec0 00000060 T FSFILE_Write
00109f20 00000038 T FSFILE_GetSize
00109f58 00000028 T FSFILE_SetSize
00109f80 0000003c T FSFILE_Close
00109fbc 00000024 T FSFILE_Flush
00109fe0 00000050 T FSDIR_Read
0010a030 0000003c T FSDIR_Close
0010a06c 0000005c T rbtree_node_next
0010a0c8 0000013c T decode_utf8
0010a204 000000e8 T utf16_to_utf8
0010a2ec 000000c0 T utf8_to_utf16
0010a3ac T __aeabi_read_tp
0010a3b8 00000064 T decode_utf16
0010a41c 00000054 T encode_utf16
0010a470 000000e0 T encode_utf8
0010a550 00000120 T __udivmoddi4
0010a670 000000d8 T strncmp
0010a748 0000005c T strlen
0010a7a4 000001e4 t _strtoul_l.isra.0
0010a988 00000034 T strtoul
0010a9bc 000000e4 T strncat
0010aaa0 00000078 T bsearch
0010ab18 00000020 T memalign
0010ab38 0000001c t stdio_exit_handler
0010ab54 0000005c t cleanup_stdio
0010abb0 00000154 t global_stdio_init.part.0
0010ad04 0000005c T __sinit
0010ad60 0000000c T __sfp_lock_acquire
0010ad6c 0000000c T __sfp_lock_release
0010ad78 000007e8 T _malloc_r
0010b560 000000f8 T _malloc_trim_r
0010b658 00000300 T _free_r
0010b958 00000294 T setvbuf
0010bbec 0000004c T strnlen
0010bc38 0000000c T __errno
0010bc44 00000034 T malloc
0010bc78 00000018 T free
0010bc90 00000130 T memcpy
0010bdc0 00000034 T printf
0010bdf4 000000e8 T memset
0010bedc 00000070 T _fwalk_sglue
0010bf4c 0000000c T __malloc_lock
0010bf58 0000000c T __malloc_unlock
0010bf64 00000004 W __call_exitprocs
0010bf68 00000030 T exit
0010bf98 000000c4 T strncpy
0010c05c 00000084 T __libc_init_array
0010c0e0 00000228 T __sflush_r
0010c308 00000094 T _fflush_r
0010c39c 00000150 T _memalign_r
0010c4ec 0000003c T __libc_fini_array
0010c528 00000044 T __sread
0010c56c 00000068 T __swrite
0010c5d4 00000040 T __sseek
0010c614 00000008 T __sclose
0010c61c 00000148 T _fclose_r
0010c764 000005e4 t get_arg
0010cd48 00003330 T _vfprintf_r
00110078 000000b8 t __sbprintf
00110130 00000144 T __smakebuf_r
00110274 0000008c T __swhatbuf_r
00110300 000001b4 t quorem
001104b8 00001370 T _dtoa_r
00111828 000000a0 T _wcrtomb_r
001118c8 00000028 T _wcsrtombs_r
001118f0 00000194 T __swsetup_r
00111a88 00000088 T frexp
00111b10 0000005c T __assert_func
00111b6c 00000088 T _Balloc
00111bf4 0000001c T _Bfree
00111c10 000000f4 T __multadd
00111d04 00000080 T __hi0bits
00111d84 000000f4 T __lo0bits
00111e78 000000a4 T __i2b
00111f1c 00000208 T __multiply
00112124 00000130 T __pow5mult
00112254 00000138 T __lshift
0011238c 00000058 T __mcmp
001123e4 000001f0 T __mdiff
001125d4 00000120 T __d2b
001126f4 00000024 T __locale_mb_cur_max
00112718 0000003c T fiprintf
00112754 000000e0 T memchr
00112834 00000160 T _wcsnrtombs_l
00112994 00000064 T _wcsnrtombs_r
001129f8 00000324 T __utf8_mbtowc
00112d1c 00000030 T __sprint_r
00112d4c 00000014 T abort
00112d60 00000024 T _localeconv_r
00112d84 000000c0 T _calloc_r
00112e44 000000f0 T __utf8_wctomb
00112f34 00000130 T strchr
00113064 00000160 T memmove
001131c4 00000090 T _raise_r
00113254 00000018 T raise
0011326c 00000480 T __sfvwrite_r
001136ec 000005e4 t get_arg
00113cd0 00002168 T _vfiprintf_r
00115e38 000000b8 t __sbprintf
00115ef0 000004a4 T _realloc_r
00116394 00000020 T _exit
001163b4 0000013c T chdir
001164f0 000001cc T _concatenate_path
001166bc 00000088 T _fstat_r
00116744 00000014 T _getpid_r
00116758 0000002c T __getreent
00116784 0000003c T __get_handle
001167c0 000000f4 T _close_r
001168b4 00000008 t null_write
001168bc 00000018 T setDefaultDevice
001168d4 000000c8 T FindDevice
0011699c 00000028 T RemoveDevice
001169c4 00000098 T AddDevice
00116a5c 00000020 T GetDeviceOpTab
00116a7c 00000008 T _isatty_r
00116a84 00000014 T _kill_r
00116a98 0000008c T _lseek_r
00116b24 00000088 T _read_r
00116bac 00000078 W _sbrk_r
00116c24 0000001c T __libc_lock_acquire
00116c40 0000001c T __libc_lock_release
00116c5c 0000001c T __libc_lock_acquire_recursive
00116c78 0000001c T __libc_lock_release_recursive
00116c94 00000088 T _write_r
00116d1c 00000048 T strrchr
00116d64 T _fini
00117108 r .LC2
00117230 00000080 r dotab_stdout
001172b0 00000018 r grayScale
001172c8 00000006 r colorCube
001172d0 00000030 r colorTable
00117300 00000008 r morton_y.2
00117308 00000008 r morton_x.3
00117310 00000008 r s_sleepWakeEvents.4
00117318 R default_font_bin
00117b18 R default_font_bin_end
00117b18 00000030 r error_table
00117b48 00000080 r archive_devoptab
00117bc8 00000101 R _ctype_
00117df0 00000010 r zeroes.0
00117e00 00000010 r blanks.1
00117e18 0000006c R __action_table
00117e84 0000006c R __state_table
00117ef0 00000100 R __chclass
00117ff0 0000000c r p05.0
00118000 00000028 R __mprec_bigtens
00118028 000000c8 R __mprec_tens
001181dc 00000010 r zeroes.0
001181ec 00000010 r blanks.1
001181fc 00000080 R dotab_stdnull
0011827c R __tdata_align
00118280 r __EH_FRAME_BEGIN__
00118280 R __exidx_end
00118280 R __exidx_start
00119000 00000001 d firstConsoleInit.0
00119004 00000004 D currentConsole
00119008 00000048 D defaultConsole
00119050 00000004 d aptChainloadDeliverArgSize
00119054 00000004 d kCount
00119058 00000004 d kInterval
0011905c 00000004 d kDelay
00119060 W __stacksize__
00119064 00000004 D _impure_ptr
00119068 00000120 D _impure_data
00119188 0000000c D __sglue
00119194 00000004 D __malloc_sbrk_base
00119198 00000004 D __malloc_trim_threshold
001191a0 00000408 D __malloc_av_
001195a8 0000016c D __global_locale
00119714 00000400 d _current_working_directory
00119b18 00001000 d handles
0011ab18 0000000c d __stderr_handle
0011ab24 0000000c d __stdout_handle
0011ab30 0000000c d __stdin_handle
0011ab3c 0000008c D devoptab_list
0011abc8 00000004 d defaultDevice
0011abd4 d _GLOBAL_OFFSET_TABLE_
0011abe0 d __frame_dummy_init_array_entry
0011abe0 D __init_array_start
0011abe0 B __preinit_array_end
0011abe0 B __preinit_array_start
0011abe0 D __tdata_lma
0011abe0 D __tdata_lma_end
0011abe4 d __do_global_dtors_aux_fini_array_entry
0011abe4 D __fini_array_start
0011abe4 D __init_array_end
0011abe8 D __bss_start__
0011abe8 D __fini_array_end
0011abe8 b completed.1
0011abec b object.0
0011ac04 0000001c b escapeSeq
0011ac20 00000048 B currentCopy
0011ac68 00000004 b screenAlloc
0011ac6c 00000004 b screenFree
0011ac70 00000002 b gfxIsDoubleBuf
0011ac74 00000002 b gfxCurBuf
0011ac76 00000001 b gfxIsVram
0011ac77 00000001 b gfxTopMode
0011ac78 00000002 b gfxFramebufferFormats
0011ac7c 00000004 b gfxBottomFramebufferMaxSize
0011ac80 00000004 b gfxTopFramebufferMaxSize
0011ac88 00000008 b gfxBottomFramebuffers
0011ac90 00000008 b gfxTopFramebuffers
0011ac98 00000001 b flagValue.0
0011ac99 00000001 b flagInit.1
0011ac9c 00000004 b serviceName.6
0011aca0 00000001 b aptChainloadFlags
0011aca1 00000001 b aptChainloadMediatype
0011aca4 00000020 b aptChainloadHmac
0011acc4 00000300 b aptChainloadDeliverArg
0011afc8 00000008 b aptChainloadTid
0011afd0 00001000 b aptParameters
0011bfd0 00000004 b aptFlags
0011bfd4 00000001 b aptHomeButtonState
0011bfd8 00000004 b aptMessageFuncData
0011bfdc 00000004 b aptMessageFunc
0011bfe0 0000000c b aptFirstHook
0011bfec 00000001 b aptEventHandlerThreadQuit
0011bff0 00000004 b aptEventHandlerThread
0011bff4 00000008 b aptSleepEvent
0011bffc 00000008 b aptReceiveEvent
0011c004 00000008 b aptEvents
0011c00c 00000004 b aptLockHandle
0011c010 00000004 b aptRefCount
0011c014 00000007 b gspEventCbOneShot
0011c01c 0000001c b gspEventCbData
0011c038 0000001c b gspEventCb
0011c054 00000038 b gspEvents
0011c08c 00000004 b gspLastEvent
0011c090 00000001 b gspRunEvents
0011c094 00000004 b gspEventThread
0011c098 00000004 b gspEvent
0011c09c 00000001 b gspGpuRight
0011c09d 00000001 b gspThreadId
0011c0a0 00000004 b gspSharedMem
0011c0a4 00000004 b gspSharedMemHandle
0011c0a8 00000004 b gspRefCount
0011c0ac 00000004 b gspGpuHandle
0011c0b0 00000001 b usingIrrst
0011c0b4 00000004 b hidRefCount
0011c0b8 00000006 b gRate
0011c0c0 00000006 b aVec
0011c0c8 00000004 b cPos
0011c0cc 00000004 b tPos
0011c0d0 00000004 b kRepeat
0011c0d4 00000004 b kUp
0011c0d8 00000004 b kDown
0011c0dc 00000004 b kHeld
0011c0e0 00000004 b kOld
0011c0e4 00000004 B hidSharedMem
0011c0e8 00000014 B hidEvents
0011c0fc 00000004 B hidMemHandle
0011c100 00000004 B hidHandle
0011c104 00000004 b irrstRefCount
0011c108 00000004 b csPos
0011c10c 00000004 b kHeld
0011c110 00000004 B irrstSharedMem
0011c114 00000004 B irrstEvent
0011c118 00000004 B irrstMemHandle
0011c11c 00000004 B irrstHandle
0011c120 00000004 B __system_retAddr
0011c124 00000004 B __system_argv
0011c128 00000004 B __system_argc
0011c12c b saved_stack
0011c138 00000008 b sLinearPool
0011c140 0000000c b sAddrMap
0011c150 00000008 b sVramPoolB
0011c158 00000008 b sVramPoolA
0011c160 0000000c b sAddrMap
0011c16c 00000004 B __3dslink_host
0011c170 00000001 V __ctru_speedup
0011c174 00000004 b srvRefCount
0011c178 00000004 b srvHandle
0011c17c 00000004 b arbiter
0011c180 00000004 b currentAddr
0011c184 00000004 b maxAddr
0011c188 00000004 b minAddr
0011c18c 00000004 b ptmSysmRefCount
0011c190 00000004 b ptmSysmHandle
0011c194 00000004 b srvPmHandle
0011c198 00000004 V __ctru_linear_heap_size
0011c19c 00000004 V __ctru_heap_size
0011c1a0 00000004 B __ctru_linear_heap
0011c1a4 00000004 B __ctru_heap
0011c1a8 000005c0 b archive_devices
0011c768 00000004 b archive_device_cwd
0011c76c 00000001 b archive_initialized
0011c770 00000080 b fsExemptArchives
0011c7f0 00000004 b fsuRefCount
0011c7f4 00000004 b fsuHandle
0011c7f8 0000000c b __sfp_recursive_mutex
0011c808 00000168 B __sf
0011c970 00000004 B __stdio_exit_handler
0011c974 00000028 B __malloc_current_mallinfo
0011c99c 00000004 B __malloc_max_total_mem
0011c9a0 00000004 B __malloc_max_sbrked_mem
0011c9a4 00000004 B __malloc_top_pad
0011c9a8 0000000c b __malloc_recursive_mutex
0011c9b4 00000400 b temp_cwd
0011cdb4 00000004 b __hndl_lock
0011cdb8 00000004 B fake_heap_start
0011cdbc 00000004 B fake_heap_end
0011cdc0 00000004 b heap_start.0
0011cdc4 B __tls_start
0011d9cc B __bss_end__
0011d9cc A __end__
0011d9cc B __tls_end
